
---------------------

ClusterID: 0
---- ID = 1486, Date = 1994-01-03, Castro Interviewed in Santiago de Cuba
---- ID = 1481, Date = 1993-07-03, Castro Thanks Students on Decision To Work in Fields
---- ID = 1479, Date = 1993-06-07, Castro Holds News Conference on Tourism
---- ID = 1477, Date = 1993-05-10, Castro Visits Hospitals To Check on Optic Neuritis Patients
---- ID = 1476, Date = 1993-05-09, Castro Visits Hospitals To Check on Optic Neuritis Patients
---- ID = 1472, Date = 1993-03-20, Castro Attends Seminar on Primary Medical Care
---- ID = 1465, Date = 1993-02-13, Castro Interviewed on Elections in Santiago
---- ID = 1464, Date = 1993-02-12, Castro Comments on Role of ANPP, Elections
---- ID = 1455, Date = 1992-12-06, Castro Gives Speech to Construction Workers
---- ID = 1452, Date = 1992-11-29, Castro Comments on UN Resolution Victory
---- ID = 1437, Date = 1992-06-16, Castro Talks About Environment, World Situation
---- ID = 1430, Date = 1992-06-03, Castro Interviewed on Soviet Collapse, Stalin
---- ID = 1403, Date = 1991-12-18, Castro Speaks at Spare Parts Forum 16 Dec
---- ID = 1401, Date = 1991-12-10, Castro on AIDS, Divorce, Drugs, Young Leaders
---- ID = 1400, Date = 1991-12-09, Castro Interviewed by EL SOL DE MEXICO
---- ID = 1398, Date = 1991-12-07, Castro Comments on Eighth FEEM Congress
---- ID = 1397, Date = 1991-12-06, Castro Interviewed by EL SOL DE MEXICO
---- ID = 1395, Date = 1991-12-04, Castro Interviewed by EL SOL DE MEXICO
---- ID = 1394, Date = 1991-12-03, Castro Interviewed by EL SOL DE MEXICO
---- ID = 1393, Date = 1991-12-02, Castro Interviewed by EL SOL DE MEXICO
---- ID = 1390, Date = 1991-11-12, Activities at International Trade Fair Noted
---- ID = 1389, Date = 1991-11-09, Commentary: U.S. Blocking Economic Solutions
---- ID = 1381, Date = 1991-10-13, Proceedings of Fourth PCC Congress Reported
---- ID = 1376, Date = 1991-08-17, Fidel Castro Receives Pan Am Recognition Plaque
---- ID = 1367, Date = 1991-07-19, First Ibero-American Summit Opens in Guadalajara
---- ID = 1365, Date = 1991-07-16, Castro Presents Flag to Pan-Am Games Delegation
---- ID = 1359, Date = 1991-06-15, SIEMPRE Interviews Castro on Ties With USSR
---- ID = 1357, Date = 1991-06-06, Fidel Castro on Unity, Upcoming Party Congress
---- ID = 1355, Date = 1991-06-04, SIEMPRE Interviews Castro on Revolution, Future
---- ID = 1354, Date = 1991-05-29, Mexican Magazine Interviews Castro on Capitalism
---- ID = 1343, Date = 1991-03-25, Castro Addresses Students; Speaks of Childhood
---- ID = 1342, Date = 1991-03-24, Castro Addresses Students; Speaks of Childhood
---- ID = 1338, Date = 1991-02-24, Castro Comments on Gulf Situation at Havana PCC
---- ID = 1337, Date = 1991-02-19, Castro Continues Visit to Santiago de Cuba
---- ID = 1332, Date = 1991-02-04, Castro Concerned About Trade With USSR
---- ID = 1329, Date = 1991-01-17, Castro Expresses `Deep Bitterness' Over War
---- ID = 1320, Date = 1990-11-05, Castro Outlines Food Production Goals
---- ID = 1311, Date = 1990-08-27, Castro Opens UN Congress on Crime Prevention
---- ID = 1299, Date = 1990-07-11, ANPP Begins Deliberations; Castro Attends
---- ID = 1292, Date = 1990-05-14, Castro, Brazilian Visitor Brizola Tour Expocuba
---- ID = 1290, Date = 1990-05-07, Castro Warns U.S. Against Attack on Island
---- ID = 1288, Date = 1990-05-02, Castro Interviewed at Workers Federation Reception
---- ID = 1274, Date = 1990-03-16, Reportage on Castro Visit to Brazil
---- ID = 1265, Date = 1990-01-29, 16th Workers Federation Congress Closes
---- ID = 1260, Date = 1990-01-01, Castro Reaffirms Socialism for Cubans
---- ID = 1258, Date = 1989-12-29, Castro at Ceremony for Construction Workers
---- ID = 1252, Date = 1989-12-19, Castro, PCC Leaders on National Food Program
---- ID = 1235, Date = 1989-07-26, CASTRO TOURS CAMAGUEY
---- ID = 1224, Date = 1989-06-20, CEREMONY INAUGURATING SEVEN SOCIAL PROJECTS
---- ID = 1219, Date = 1989-06-01, CASTRO TOURS HAVANA PROJECTS
---- ID = 1210, Date = 1989-05-04, CASTRO CITED ON SOVIET UNION, GORBACHEV VISIT
---- ID = 1209, Date = 1989-05-02, CASTRO ATTENDS RECEPTION FOR 1 MAY VISITORS
---- ID = 1208, Date = 1989-05-01, 'HEALTH FOR EVERYONE'-FOURTH INTERNATIONAL FAIR
---- ID = 1204, Date = 1989-04-06, CASTRO ON GROBACHEV'S VISIT
---- ID = 1203, Date = 1989-04-05, CASTRO, GORBACHEV HOLD NEWS CONFERENCE
---- ID = 1202, Date = 1989-04-04, INTRODUCE GORBACHEV TO ANPP
---- ID = 1192, Date = 1989-02-21, 12TH NATL WORKSHOP FOR LEADERS, METHODOLOGISTS
---- ID = 1191, Date = 1989-02-20, CASTRO MEETS WITH EDUCATIONAL LEADERS
---- ID = 1173, Date = 1988-12-30, CASTRO 'BEST MAN' AT WEDDING FOR 24 COUPLES
---- ID = 1169, Date = 1988-12-12, ON INTERNATIONALIST WORK FORCE-HACIENDO RADIO PR
---- ID = 1164, Date = 1988-12-04, CASTRO PLACES WREATH, CALLS FOR UNITY
---- ID = 1159, Date = 1988-11-29, INAUGURAING THE 200 T ROLLING MILL
---- ID = 1158, Date = 1988-11-28, INAUGURATION OF THE IGNACIO AGRAMONTE INDUSTRIAL
---- ID = 1157, Date = 1988-11-17, SECOND INTERNATIONAL SEMINAR ON PRIMARY HEALTH C
---- ID = 1155, Date = 1988-11-14, VISITED THE (OBRA PIA) HOUSE
---- ID = 1154, Date = 1988-11-08, CASTRO CHATS WITH EXHIBITORS AT HAVANA FAIR
---- ID = 1152, Date = 1988-10-29, INAUGURATION OF BLOOD BANK
---- ID = 1148, Date = 1988-10-06, VISIT TO SALVADOR ALLENDE HOSPITAL
---- ID = 1143, Date = 1988-09-16, TOURS PINAR DEL RIO AFTER HURRICANE
---- ID = 1139, Date = 1988-09-04, MEETING WITH ECUADORAN DEPUTIES
---- ID = 1116, Date = 1988-07-09, CONCERN ABOUT HOUSING-ENTERPRISE MEETING
---- ID = 1107, Date = 1988-06-09, CORRECTION TO CASTRO'S COOPERATIVES SPEECH
---- ID = 1097, Date = 1988-05-03, CORRECTION TO CASTRO THANKS FOR CPUSTAL MEDAL
---- ID = 1094, Date = 1988-04-29, SECOND NATIONAL PLANNING MEETING
---- ID = 1086, Date = 1988-03-13, CASTRO SPEAKS TO YOUNG ARTISTS GROUP
---- ID = 1080, Date = 1988-02-12, CASTRO INAUGURATES POLYCLINIC, SCHOOL
---- ID = 1071, Date = 1987-12-29, CASTRO REVIEWS "DIFFICULT' YEAR
---- ID = 1066, Date = 1987-12-06, FIDEL CASTRO ATTENDS STUDENT CONGRESS
---- ID = 1059, Date = 1987-11-26, CASTRO INAUGURATES CHILD CARE CENTERS
---- ID = 1053, Date = 1987-09-29, CASTRO ADDRESSES LEGISLATIVE SESSION
---- ID = 1043, Date = 1987-07-11, CASTRO MAKES WORKING VISIT TO PINAR DEL RIO
---- ID = 1038, Date = 1987-05-30, CASTRO PRESIDES OVER PCC MUNICIPAL MEETING
---- ID = 1034, Date = 1987-05-20, ANAP CONGRESS
---- ID = 1027, Date = 1987-05-01, NEWS CONFERENCE, DISCUSSES MEDICINE
---- ID = 1015, Date = 1987-04-02, FIFTH UJC CONGRESS
---- ID = 1012, Date = 1987-03-26, MEETING WITH KNITTING MILL WORKERS
---- ID = 1007, Date = 1987-03-17, INTERVIEWED BY BRAZILIAN WEEKLY VEJA
---- ID = 1006, Date = 1987-03-16, STATEMENTS GIVEN TO URUGUAYAN TV
---- ID = 1004, Date = 1987-03-13, VISIT TO CAMAGUEY PROVINCE
---- ID = 1003, Date = 1987-03-12, CASTRO CONTINUES CAMAGUEY PROVINCE TOUR
---- ID = 1000, Date = 1987-02-24, CALLING BRAZIL'S MORATORIUM HISTORIC
---- ID = 999, Date = 1987-02-23, DRUG TRAFFICKING, GUERRILAS
---- ID = 976, Date = 1986-12-22, CASTRO PRESIDES OVER LITERACY CAMPAIGN CEREMONY
---- ID = 972, Date = 1986-12-12, CASTRO EXPRESSES SATISFACTION OVER 'BASTION 86'
---- ID = 971, Date = 1986-12-11, CASTRO TOURS GUIRA DE MELENA
---- ID = 960, Date = 1985-12-24, INAUGURATING THE TINIMA BREWERY
---- ID = 959, Date = 1985-12-23, CASTRO ON DEBT, U.S. INVASION, OTHER ISSUES
---- ID = 946, Date = 1985-09-19, LATIN AMERICAN PRESS FORUM ON REG. FINANCIAL CRI
---- ID = 922, Date = 1985-02-18, CASTRO DISCUSSES CENTRAL AMERICA, DISARMAMENT
---- ID = 912, Date = 1984-12-27, ANPP SEVENTH REGULAR SESSION
---- ID = 891, Date = 1984-10-19, CASTRO ON TIES WITH FRG, NICARAGUAN SITUATION
---- ID = 889, Date = 1984-07-29, CASTRO OFFERS AMNESTY TO CUBANS IN PERU'S MISSIO
---- ID = 882, Date = 1984-07-05, 6TH REGULAR SESSION OF THE ANPP
---- ID = 849, Date = 1984-01-05, SPAIN'S RELATIONS WITH L. AMERICA
---- ID = 833, Date = 1983-11-04, CASTRO ON DEFENSE CAPABILITIES
---- ID = 811, Date = 1983-07-15, CASTOR ATTENDS CLOSING SESSION OF ANPP MEETING
---- ID = 766, Date = 1981-03-03, AT PORT OF ILISHEVO IN ODESSA, USSR
---- ID = 764, Date = 1981-03-01, ODESSA RALLY
---- ID = 763, Date = 1981-02-25, 24 FEBRUARY CONGRESS SESSION
---- ID = 762, Date = 1981-02-24, 26TH CPSU CONGRESS
---- ID = 751, Date = 1980-10-16, COMMEMORATION OF SOVIET-CUBAN JOINT SPACE FLIGHT
---- ID = 740, Date = 1980-05-29, RALLY IN HONOR OF VISITING GDR COUNCIL OF STATE
---- ID = 739, Date = 1980-05-01, TALK WITH SOVIET JOURNALISTS
---- ID = 694, Date = 1977-11-07, SOVIET TELEVISION INTERVIEW
---- ID = 663, Date = 1977-04-21, CASTRO DISCUSSES U.S. TOURISM
---- ID = 646, Date = 1976-06-06, FIDEL CASTRO ADDRESSES MININT ANNIVERSARY CERE
---- ID = 630, Date = 1975-05-09, ANNIVERSARY OF NAZI DEFEAT
---- ID = 619, Date = 1975-03-23, CASTRO CLAIMS CONSTITUTION READY FOR APRIL
---- ID = 606, Date = 1975-01-31, CASTRO CONFIRMS NEW SOVIET SUGAR AGREEMENT
---- ID = 597, Date = 1975-01-09, ECONOMIC CRISIS WILL SPEED UP REVOLUTIONARY PROC
---- ID = 572, Date = 1974-07-04, COMMENTS ON BLOCKADE & MEETING WITH KISSINGER
---- ID = 559, Date = 1974-03-05, MESSAGE TO VIETNAMESE WOMEN'S CONGRESS
---- ID = 552, Date = 1974-02-23, CIENFUEGOS RALLY HONORING HONECKER
---- ID = 551, Date = 1974-02-20, CONVERSATION WITH COMRADE FIDEL
---- ID = 547, Date = 1974-02-09, CASTRO HAILS SUCCESS OF BREZHNEV VISIT
---- ID = 546, Date = 1974-02-05, LEONID BREZHNEV VISIT
---- ID = 545, Date = 1974-02-04, SOVIET-CUBAN DECLARATION SIGNED IN HAVANA
---- ID = 544, Date = 1974-02-03, LEONID BREZHNEV VISIT
---- ID = 543, Date = 1974-01-31, DEDICATION OF LENIN VOCATIONAL SCHOOL OF CALABAZ
---- ID = 542, Date = 1974-01-29, MASS RALLY
---- ID = 540, Date = 1974-01-24, GIVES PREVIEW OF BREZHNEV AGENDA ON SOVIET TV
---- ID = 539, Date = 1974-01-16, CASTRO DENIES TURNING TO CAPITALISM
---- ID = 535, Date = 1973-12-22, CASTRO PRAISES PERUVIAN GOVERNMENT
---- ID = 504, Date = 1973-06-27, CASTRO TO VISIT YUGOSLAVIA
---- ID = 491, Date = 1972-12-24, VISIT TO MOSCOW FETE
---- ID = 490, Date = 1972-12-22, USSR'S 50TH ANNIVERSARY
---- ID = 483, Date = 1972-12-06, CUBAN-SOVIET HARVESTING COMBINE DESCRIBED
---- ID = 469, Date = 1972-07-24, DENIES REPORTS HE WILL QUIT AS PRIME MINISTER
---- ID = 464, Date = 1972-07-05, CASTRO'S VISIT TO DEFENSE MINISTRY
---- ID = 463, Date = 1972-07-04, JULY 3RD VISIT-AGRICULTURAL MACHINERY FACTORY
---- ID = 462, Date = 1972-07-03, RECEPTION IN THE CUBAN EMBASSY
---- ID = 461, Date = 1972-07-02, VISIT TO NOVOVORONEZHKAYA ATOMIC POWER STATION
---- ID = 460, Date = 1972-06-29, CASTRO, BREZHNEV TOUR COSMONAUT TRAINING CENTER
---- ID = 456, Date = 1972-06-24, DEPARTURE OF CASTRO-LED DELEGATION
---- ID = 452, Date = 1972-06-19, CASTRO BERLIN RALLY SPEECH
---- ID = 451, Date = 1972-06-18, TOUR OF EAST GERMANY
---- ID = 450, Date = 1972-06-17, CASTRO HAILS TIES
---- ID = 449, Date = 1972-06-16, CASTRO ADDRESSES LEUNA WORKERS
---- ID = 447, Date = 1972-06-14, RECEPTION IN EAST BERLIN
---- ID = 446, Date = 1972-06-13, RECEPTION
---- ID = 408, Date = 1971-12-02, CUBAN-SPANISH RELATIONS
---- ID = 365, Date = 1971-07-29, 26 JULY ANNIVERSARY SPEECH
---- ID = 363, Date = 1971-07-12, CAMAGUEY YOUTH ORGANIZATION
---- ID = 307, Date = 1968-03-16, CASTRO SPEAKS ON EDUCATION AND PARASITES
---- ID = 299, Date = 1967-07-28, INAUGURATING SEVERAL NEW BUILDING PROJECTS
---- ID = 260, Date = 1965-10-22, YOUTH INTEGRATION FETE
---- ID = 224, Date = 1963-07-02, NULL
---- ID = 222, Date = 1963-06-06, SOVIET-CUBAN RELATIONS
---- ID = 221, Date = 1963-06-05, CASTRO INTERVIEW ON RETURN FROM SOVIET TRIP
---- ID = 220, Date = 1963-05-23, SOVIET-CUBAN FRIENDSHIP RALLY
---- ID = 215, Date = 1963-05-13, MEETING AT BRATSK STADIUM
---- ID = 212, Date = 1963-05-07, MEETING IN VOLGOGRAD
---- ID = 211, Date = 1963-04-28, SPEECH AT RED SQUARE
---- ID = 193, Date = 1962-11-07, CUBANS SEND ANNIVERSARY MESSAGE TO USSR
---- ID = 191, Date = 1962-11-02, CASTRO'S 1 NOVEMBER SPEECH
---- ID = 176, Date = 1962-08-28, CASTRO CONDEMNS RECENT HAVANA RAID BY COUNTER-RE
---- ID = 171, Date = 1962-08-09, CUBAN ATHLETIC TEAM GOING TO THE CARIBBEAN GAMES
---- ID = 168, Date = 1962-07-25, UNSCHEDULED SPEECH FROM SANTIAGO DE CUBA UNIV.
---- ID = 161, Date = 1962-07-03, CASTRO IS GUEST ABOARD SOVIET SHIP
---- ID = 160, Date = 1962-06-30, 29 JUNE CEREMONY TO 300 SOVIET TECHNICIANS
---- ID = 159, Date = 1962-06-29, CASTRO AND YOUNG SOVIET SPECIALISTS MEET
---- ID = 153, Date = 1962-06-01, SERGEY M. KUDRAYAVTSEV VISITED CASTRO
---- ID = 148, Date = 1961-08-17, CASTRO SPEAKS ON LITERACY CAMPAIGN
---- ID = 145, Date = 1961-07-18, DOCKSIDE CEREMONY ON 18 JULY
---- ID = 137, Date = 1961-05-03, CASTRO SAYS CLERGY INCITED BY SPELLMAN
---- ID = 76, Date = 1960-06-25, CASTRO QUESTIONED BY 3 NEWSPAPERS
---- ID = 74, Date = 1960-06-16, CASTRO SPEAKS TO HOTEL WORKERS UNION
---- ID = 67, Date = 1960-05-02, CASTRO SPEAKS TO THRONGS ON MAY DAY
---- ID = 62, Date = 1960-03-28, CASTRO SPEAKS TO SUGAR WORKERS UNION
---- ID = 60, Date = 1960-03-14, MARCH 13 ANNIVERSARY
---- ID = 57, Date = 1960-02-23, CASTRO SEEKS REVENUE SOURCES FOR HOUSING
---- ID = 56, Date = 1960-02-19, CASTRO GIVES REPLIES TO RADIO INTERVIEW
---- ID = 6, Date = 1959-01-26, MEANS FOR IBERO-AMERICAN UNITY SUGGESTED

---------------------

ClusterID: 1
---- ID = 1488, Date = 1994-02-25, Castro Receives War Correspondent Diploma From Rebelde
---- ID = 1478, Date = 1993-06-03, Castro Sends Congratulatory Letter to Teachers
---- ID = 1461, Date = 1993-01-03, * Fidel's `Exceptional' Qualities Extolled
---- ID = 1440, Date = 1992-07-06, Castro Speaks at Central Committee 2d Plenum
---- ID = 1421, Date = 1992-03-30, Castro on Importance of Scientific Cooperation
---- ID = 1410, Date = 1992-01-17, Castro Speaks to Scientists on Science Day
---- ID = 1408, Date = 1992-01-10, Castro Attends October Missile Crisis Conference
---- ID = 1313, Date = 1990-09-12, Dailies Publish `Version' of Castro Award Speech
---- ID = 1289, Date = 1990-05-06, Castro Warns U.S. Against Attack on Island
---- ID = 1275, Date = 1990-03-17, Reportage on Castro Visit to Brazil
---- ID = 1273, Date = 1990-03-15, More on Fidel Castro Brazilian TV Interview
---- ID = 1251, Date = 1989-12-14, Fidel Castro Closes PCC Leaders Meeting
---- ID = 1232, Date = 1989-07-18, Castro Comments on MICONS Report at ANPP
---- ID = 1182, Date = 1989-02-03, FURTHER COMMENTS ON CASTRO'S VISIT IN CARACAS
---- ID = 1171, Date = 1988-12-19, CASTRO GREETS DOCTORS RETURNING FROM ARMENIA
---- ID = 1170, Date = 1988-12-14, CASTRO, VISITS, TOURS ROBOTICS CENTER
---- ID = 1151, Date = 1988-10-28, CASTRO MEETS WITH LATIN AMERICAN JOURNALISTS
---- ID = 1149, Date = 1988-10-07, THIRD CONTINENTAL WOMEN'S MEETING
---- ID = 1146, Date = 1988-10-04, TOURS BUS FACTORY, SPEAKS TO WORKERS
---- ID = 1130, Date = 1988-08-02, TOURS SIERRA MAESTRA SOUTHERN COAST
---- ID = 1124, Date = 1988-07-22, CASTRO INAUGURATES CONTRAMAESTRE HOSPITAL
---- ID = 1113, Date = 1988-07-06, CASTRO VIEWS ROLE OF CONSTRUCTION
---- ID = 1111, Date = 1988-06-27, VISITS TANYA PERRERIA
---- ID = 1096, Date = 1988-05-02, RECEIVED CPUSTAL MEDAL
---- ID = 1091, Date = 1988-04-07, CASTRO DISCUSSES NONSMOKING CAMPAIGN
---- ID = 1029, Date = 1987-05-08, CASTRO PRESIDES OVER MEETING REVIEWING ECONOMY
---- ID = 1026, Date = 1987-04-24, CASTRO TALKS WITH MEDICAL FAIR PARTICIPANTS
---- ID = 1024, Date = 1987-04-20, MINISTERIAL MEETING OF THE GROUP OF 77
---- ID = 1017, Date = 1987-04-04, FIFTH UJC CONGRESS
---- ID = 994, Date = 1987-01-31, FIRST CENTRAL GROUP MEETING OF 1987
---- ID = 990, Date = 1987-01-17, NATIONAL MEETING OF THE PLANING FRONT
---- ID = 989, Date = 1987-01-16, EIGHTH LATIN AMERICAN CONGRESS OF STUDENTS
---- ID = 982, Date = 1987-01-07, FMC ASSEMBLIES MEET TO DISCUSS ECONOMIC MEASURE
---- ID = 978, Date = 1986-12-25, CASTRO ON CIENFUEGOS MANPOWER
---- ID = 975, Date = 1986-12-20, CASTRO TOURS BAYAMO PRINTERS, SCHOOLS
---- ID = 970, Date = 1986-12-09, CASTRO MEETS BRAZILIAN AMBASSADOR ZAPPA
---- ID = 967, Date = 1986-12-02, CASTRO CALLS FOR AGRICULTURAL REQUIREMENTS
---- ID = 965, Date = 1986-03-03, REPORT ON CASTRO ANPP CLOSING SPEECH TELEVISED
---- ID = 963, Date = 1985-12-28, 9TH SESSION OF THE ANPP
---- ID = 957, Date = 1985-12-16, 7TH INTERNATIONAL NEW LATIN AMERICAN FILM FESTIV
---- ID = 953, Date = 1985-10-16, NATIONAL HYGIENE AND EPIDEMIOLOGY CONGRESS
---- ID = 937, Date = 1985-07-11, CASTRO CONGRATULATES PRIZE-WINNING CUBAN WRITERS
---- ID = 916, Date = 1985-01-16, CASTRO PARTICIPATED IN ECONOMIC EFFICIENCY MEETI
---- ID = 913, Date = 1984-12-28, 10TH PLENUM OF THE CENTRAL COMMITTEE OF COMMUNIS
---- ID = 908, Date = 1984-12-11, SPEECHES REVIEW THIRD WORLD ECONOMIC CRISIS
---- ID = 900, Date = 1984-11-22, PHOTOGRAPHY COLLOQUIUM
---- ID = 896, Date = 1984-11-02, CASTRO, USSR'S RYZHKOV VISIT NICKEL PLANT
---- ID = 886, Date = 1984-07-16, PIONEER DAY CEREMONY
---- ID = 872, Date = 1984-05-16, CASTRO EXPRESSES OLYMPICS INTEREST AT GAME
---- ID = 868, Date = 1984-04-16, CASTRO CITED ON MUNICIPAL ELECTIONS TURNOUT
---- ID = 866, Date = 1984-04-06, RECEIVES WPK DELEGATION 1 MAY
---- ID = 852, Date = 1984-02-09, 8TH NATIONAL SEMINAR FOR TEACHERS
---- ID = 840, Date = 1983-12-03, CASTRO, BRAZILIAN LEGISLATORS DISCUSS RELATIONS
---- ID = 828, Date = 1983-10-22, CASTRO CHAIRS EVALUATION OF BASTION 83 EXERCISES
---- ID = 789, Date = 1981-07-31, MEETS WITH PROVINCIAL MEDICAL LEADERS
---- ID = 783, Date = 1981-07-07, GRADUATION-MANUEL ASCUNCE DOMENECH UNIV.
---- ID = 768, Date = 1981-03-26, FIFTH NATIONAL SEMINAR FOR EDUCATION
---- ID = 767, Date = 1981-03-13, 9TH PLENUM OF ANAP
---- ID = 734, Date = 1979-10-22, 7TH PLENUM OF NATL COMMITTEE OF THE UJC
---- ID = 710, Date = 1978-01-30, CASTRO SPEECH DEDICATING ENGELS VOCATIONAL SCHOO
---- ID = 685, Date = 1977-10-04, MEETING TO ASSESS WORK AND RENEW MANDATES OF PTY
---- ID = 673, Date = 1977-07-18, CASTRO AWARDED INTERNATIONAL UNION OF STUDENTS
---- ID = 614, Date = 1975-02-25, RECEIVES DRAFT CONSTITUTION, LAUDS CONTENT
---- ID = 613, Date = 1975-02-21, FINAL SESSION OF CDR NATIONAL PLENUM
---- ID = 612, Date = 1975-02-18, CASTRO CONGRATULATES WORKERS
---- ID = 608, Date = 1975-02-06, CTC COUNCIL MEETING
---- ID = 586, Date = 1974-10-11, SOVIET ENERGY MINISTER MEETS WITH CASTRO
---- ID = 573, Date = 1974-07-09, CASTRO EXHORTS PIONEERS TO PREPARE FOR FUTURE
---- ID = 570, Date = 1974-07-02, PRESS CONFERENCE
---- ID = 569, Date = 1974-07-01, TOURS MATANZAS POLLING PLACES
---- ID = 567, Date = 1974-05-25, NATIONAL POULTRY COMBINE
---- ID = 565, Date = 1974-05-19, CASTRO TAKES PART IN SCHOOL MEETING
---- ID = 563, Date = 1974-05-01, CASTRO ADDRESSES CUBAN ATHLETES ON BRAZIL GAMES
---- ID = 533, Date = 1973-11-28, CASTRO JOINS TODOROV
---- ID = 525, Date = 1973-09-20, CASTRO, DELEGATION SIGN ALLENDE CONDOLENCE ALBUM
---- ID = 506, Date = 1973-07-14, ANTHOLOGY OF CASTRO SPEECHES
---- ID = 494, Date = 1973-03-04, RADIO REBELDE ANNIVERSARY
---- ID = 493, Date = 1973-02-27, CASTRO MARKS RADIO REBELDE ANNIVERSARY
---- ID = 484, Date = 1972-12-11, HAVANA UNIVERSITY GRADUATION
---- ID = 481, Date = 1972-10-28, LATIN AMERICAN WOMEN'S SEMINAR
---- ID = 474, Date = 1972-08-16, CASTRO SPEAKS AT COMMENCEMENT EXERCISES
---- ID = 418, Date = 1972-04-26, CASTRO ADMITS PROBLEMS IN EDUCATION
---- ID = 412, Date = 1971-12-21, CASTRO ADDRESSES CONSTRUCTION WORKERS PLENUM
---- ID = 411, Date = 1971-12-05, CASTRO STOPS AT GUYAQUIL ON RETURN FROM CHILE
---- ID = 400, Date = 1971-11-23, LEAVES PUNTA ARENAS
---- ID = 394, Date = 1971-11-16, RECEPTION OF THE CUTCH
---- ID = 383, Date = 1971-10-15, CASTRO SENDS MESSAGE TO FEEM CONGRESS DELEGATES
---- ID = 382, Date = 1971-10-01, CASTRO CITES DIFFICULTIES OF REVOLUTION
---- ID = 156, Date = 1962-06-06, NOUVELLE CRITIQUE REPRODUCED IN REVOLUCION
---- ID = 52, Date = 1959-12-18, STATEMENTS TO THE PRESS ON BUCHANAN
---- ID = 27, Date = 1959-05-17, ON THE PROMULGATION OF THE AGARIAN LAW

---------------------

ClusterID: 2
---- ID = 1480, Date = 1993-06-30, Castro Discusses Coming Events, Austerity of 26 July Anniversary
---- ID = 1466, Date = 1993-02-19, Castro Speaks to Havana Students on Elections
---- ID = 1350, Date = 1991-04-30, Castro Statements at `Health for All' Fair
---- ID = 1257, Date = 1989-12-28, Reportage on Sixth Regular Session of ANPP
---- ID = 1166, Date = 1988-12-06, CORRECTION TO CASTRO ARMED FORCES DAY SPEECH
---- ID = 1110, Date = 1988-06-26, LETTER TO CUBAN ASSOC. FOR THE PHYSICALLY HANDI-
---- ID = 1087, Date = 1988-03-14, CASTRO CLOSES ASSOCIATION MEETING
---- ID = 1078, Date = 1988-01-29, FURTHER ON CASTRO SPEECH TO ARTISTS, WRITERS
---- ID = 1046, Date = 1987-08-05, CASTRO DISCUSSES L.A. CP CONFERENCE RESULTS
---- ID = 1031, Date = 1987-05-15, PRENSA LATINA REPORTS CASTRO'S ANAP REMARKS
---- ID = 984, Date = 1987-01-09, 3RD CONGRESS OF FEU
---- ID = 964, Date = 1986-01-01, NATIONAL ASSEMBLY OF THE PEOPLE.S GOVERNMENT MEE
---- ID = 961, Date = 1985-12-26, CASTRO SPEAKS AT PARTY CC PLENARY MEETING
---- ID = 954, Date = 1985-10-17, NATIONAL HYGIENE AND EPIDEMIOLOGY CONGRESS
---- ID = 948, Date = 1985-09-21, CASTRO PROPOSAL TO CANCEL MEXICAN DEBT
---- ID = 947, Date = 1985-09-20, CASTRO CALLS FOR SUSPENSION OF MEXICAN DEBT DUE
---- ID = 943, Date = 1985-08-05, CASTRO ACCUSES CIA, U.S. REPORTERS OF EXPIONAGE
---- ID = 895, Date = 1984-11-01, TIKHONOV, CASTRO SIGN AGREEMENT
---- ID = 892, Date = 1984-10-29, CMEA SESSION
---- ID = 888, Date = 1984-07-27, CUBAN NATIONAL DAY MEETING
---- ID = 879, Date = 1984-06-28, JACKSON, CASTRO DISCUSS U S-CUBAN NORMALIZATION
---- ID = 867, Date = 1984-04-07, CASTRO CITED ON NICARAGUAN PORT MININGS
---- ID = 865, Date = 1984-04-03, CASTRO CONGRATULATES TRANSPORTATION WORKERS
---- ID = 863, Date = 1984-03-30, CASTRO SAYS SALVADORAN REBELS WOULD NEGOTIATE
---- ID = 860, Date = 1984-03-07, CASTRO CALLS FOR ENERGY SAVING EFFORT
---- ID = 859, Date = 1984-02-25, 15TH CONGRESS OF CUBA'S TRADE UNION CENTER
---- ID = 831, Date = 1983-11-01, CASTRO LAUDS PINAR DEL RIO'S MILITARY EXERCISE
---- ID = 730, Date = 1979-09-09, CLOSING CEREMONY OF THE SIXTH NONALINED SUMMIT
---- ID = 696, Date = 1977-11-10, 1978-1980 SUGAR HARVESTS MEETING
---- ID = 644, Date = 1975-09-25, INTERVIEW WITH EL LUMINOSO AT RECEPTION
---- ID = 633, Date = 1975-05-30, MASS ORGANIZATIONS DELIVERED WORK PLEDGES
---- ID = 631, Date = 1975-05-10, CASTRO STATES CONDITIONS FOR NORMAL TIES WITH U.
---- ID = 627, Date = 1975-05-02, CASTRO FORESEES RESTORATION OF TIES WITH U.S.
---- ID = 623, Date = 1975-04-16, CASTRO CONGRATULATES SUGAR MILL ON MILLIONTH BAG
---- ID = 622, Date = 1975-04-09, CASTRO SPEECH IN CIENFUEGOS
---- ID = 620, Date = 1975-03-27, INTERVIEWED BY CANADIAN PAPER AFTER HAVANA TALKS
---- ID = 616, Date = 1975-03-20, PROCEEDINGS OF NONALINED CONFERENCE
---- ID = 529, Date = 1973-10-11, CASTRO REPLIES TO BOUMEDIENE CABLE
---- ID = 459, Date = 1972-06-27, TOUR OF SOVIET UNION
---- ID = 453, Date = 1972-06-21, CASTRO LEAVES BERLIN
---- ID = 432, Date = 1972-05-24, PARADE IN SOFIA
---- ID = 395, Date = 1971-11-17, IQUIQUI PRESS CONFERENCE
---- ID = 393, Date = 1971-11-15, CHUQUICAMATA RECEPTION
---- ID = 386, Date = 1971-10-30, RECEPTION TO ALEKSEY KOSYGIN
---- ID = 385, Date = 1971-10-28, KOSYGIN, CASTRO SPEECHES AT HOUSING PROJECT
---- ID = 344, Date = 1970-07-27, TASS REPORT ON SPEECH
---- ID = 323, Date = 1968-12-09, GRADUATES OF ORIENTE UNIVERSITY
---- ID = 293, Date = 1967-03-13, CASTRO: MORE SPORTS STADIUMS TO BE BUILT
---- ID = 258, Date = 1965-10-01, CASTRO ANSWERS STATE DEPARTMENT STATEMENTS
---- ID = 230, Date = 1963-07-27, 10TH ANNIVERSARY - NATIONAL UPRISING OF 26 JULY
---- ID = 217, Date = 1963-05-17, SPEECH PRIOR TO HIS DEPARTURE FOR MOSCOW
---- ID = 216, Date = 1963-05-15, TOUR AT ELEKTROSILA PLANT
---- ID = 214, Date = 1963-05-11, SPEECH AT IRKUTSK
---- ID = 190, Date = 1962-10-28, CASTRO ORDER ON OVERFLIGHTS
---- ID = 182, Date = 1962-10-02, 1ST NATL CONGRESS OF FEDERATION OF CUBAN WOMEN
---- ID = 179, Date = 1962-09-26, USSR-CUBAN FISHING BASE PACT SIGNED
---- ID = 177, Date = 1962-09-01, CASTRO'S REPLY TO LATEST U S CHARGE
---- ID = 174, Date = 1962-08-19, NATIONAL SUGAR COOPERATIVES CONGRESS
---- ID = 165, Date = 1962-07-19, CASTRO GREETS SOVIET TRAWLERS
---- ID = 163, Date = 1962-07-13, MESSAGE OF GREETINGS TO RESIDENTS OF SOVIET FAR
---- ID = 139, Date = 1961-05-14, LITERACY BRIGADES AT VERADERO
---- ID = 132, Date = 1961-04-18, CASTRO REPORTS LAS VILLAS FIGHTING
---- ID = 118, Date = 1961-02-02, INTERVIEW TO SPECIAL CORRESPONDENT OF UNITA

---------------------

ClusterID: 3
---- ID = 1420, Date = 1992-03-28, Castro Speaks at Science Union Congress
---- ID = 1411, Date = 1992-01-23, Fidel Castro Speaks to Outstanding Athletes
---- ID = 1405, Date = 1991-12-28, More Reportage on ANPP's 10th Regular Session
---- ID = 1312, Date = 1990-08-28, Castro Opens UN Congress on Crime Prevention
---- ID = 1296, Date = 1990-06-30, CTC Secretary General Inaugurates Plenum
---- ID = 1264, Date = 1990-01-26, More Coverage of Workers Federation Congress
---- ID = 1245, Date = 1989-10-12, Castro Delivers Speech to Minibrigades
---- ID = 1160, Date = 1988-11-30, PRESENTS BANNER TO GRANMA CONTINGENTS
---- ID = 1156, Date = 1988-11-16, TOURS HOSPITAL EXPANSION, GREETS STAFF
---- ID = 1153, Date = 1988-11-07, CASTRO VISITS EXPO-CUBA SITE, PRAISES WORKERS
---- ID = 1138, Date = 1988-09-02, CASTRO SPEAKS AT GRADUATION CEREMONY FOR DOCTORS
---- ID = 1122, Date = 1988-07-20, CONGRATULATES MEXICO'S SALINAS
---- ID = 1119, Date = 1988-07-16, CASTOR REPORTED ANGOLAN SITUATION REPORTED
---- ID = 1114, Date = 1988-07-07, 6TH CONGRESS OF THE CONSTRUCTION WORKERS UNION
---- ID = 1076, Date = 1988-01-22, SENDS MESSAGE OF SOLIDARITY TO ALFONSIN
---- ID = 1030, Date = 1987-05-09, CLOSING CEREMONY OF THE ORTHOPEDIA-87 FORUM
---- ID = 979, Date = 1986-12-26, 11TH ANPP ASSEMBLY
---- ID = 726, Date = 1979-07-14, CASTRO DISCUSSES EDUCATION DEVELOPMENT, PROBLEMS
---- ID = 233, Date = 1963-08-23, 1ST NATL SCHOLASTIC ATHLETIC GAMES
---- ID = 166, Date = 1962-07-23, CASTRO, DORTICOS VIEW SPORTS PARADE
---- ID = 38, Date = 1959-10-20, SPEECH TO BANK WORKERS' FEDERATION

---------------------

ClusterID: 4
---- ID = 84, Date = 1960-08-30, RALLY HONORING FOREIGN MINISTER ROA UPON RETURN
---- ID = 78, Date = 1960-07-07, CLOSING SESSION OF METALLURGICAL WORKERS CONGRES
---- ID = 54, Date = 1959-12-23, SPEECH CORRECTION ISSUED ON 12/23/59 SPEECH
---- ID = 41, Date = 1959-10-23, FORUM AND HALF HOUR TV APPEARANCE
---- ID = 37, Date = 1959-09-29, FOUR HOUR TV APPEARANCE
---- ID = 33, Date = 1959-09-14, SPEECH ENTITLED "MESSAGE OF THE CUBAN REVOLUTION
---- ID = 26, Date = 1959-05-15, TELEVISION SPEECH
---- ID = 25, Date = 1959-05-14, SIX HOUR MARATHON TELEVISION APPEARANCE
---- ID = 13, Date = 1959-03-02, PRESS CONFERENCE FOR VISITING GROUP FROM US
---- ID = 10, Date = 1959-02-20, 4 HOUR TV APPEARANCE

---------------------

ClusterID: 5
---- ID = 1036, Date = 1987-05-24, PARIS L'HUMANITE INTERVIEWS CASTRO
---- ID = 853, Date = 1984-02-10, NEWSWEEK INTERVIEW
---- ID = 846, Date = 1984-01-02, 25TH ANNIVERSARY OF CUBAN REVOLUTION
---- ID = 835, Date = 1983-11-16, MEETING IN HAVANA
---- ID = 834, Date = 1983-11-14, FUNERAL CEREMONY-CUBANS WHO DIED IN GRANADA
---- ID = 796, Date = 1982-02-10, 10TH WFTU CONGRESS
---- ID = 790, Date = 1981-09-15, FIDEL CASTRO SCORES U.S. IN IPU SPEECH

---------------------

ClusterID: 6
---- ID = 897, Date = 1984-11-03, CASTRO LAUDS SOVIET AID IN PRAVDA INTERVIEW
---- ID = 824, Date = 1983-08-12, CASTRO BLAME OF U.S. FOR C.A. SITUATION NOTED
---- ID = 821, Date = 1983-08-04, CASTRO COMENTS ON CUBAN-AMERICAN RELATIONS
---- ID = 788, Date = 1981-07-28, MASS RALLY-NATL. UPRISING DAY(28TH ANNIVERSARY)
---- ID = 641, Date = 1975-08-05, CASTRO VIEWS RESULTS OF HAVANA CONFERENCE
---- ID = 467, Date = 1972-07-08, JUNE 7 KATOWICE POLISH-CUBAN FRIENDSHIP RALLY

---------------------

ClusterID: 7
---- ID = 1223, Date = 1989-06-16, CASTRO RECEIVES LINA CIOBANU-ROMANIAN PARTY MEMB
---- ID = 1175, Date = 1989-01-04, CASTRO MEETS ROMANIAN OFFICIAL-30TH ANNIVERSARY
---- ID = 508, Date = 1973-07-28, CASTRO RECEIVES ROMANIAN DELEGATION
---- ID = 505, Date = 1973-06-28, CASTRO RECEIVES RAUTU-LED DELEGATION IN HAVANA
---- ID = 437, Date = 1972-05-30, DEPARTURE OF ROMANIA
---- ID = 355, Date = 1971-05-25, CASTRO WELCOMES ROMANIA'S RADULESCU

---------------------

ClusterID: 8
---- ID = 955, Date = 1985-10-30, CASTRO SCORES REAGAN SPEECH AT UNITED NATIONS
---- ID = 927, Date = 1985-05-30, CASTRO VISIT ISLE OF YOUTH
---- ID = 901, Date = 1984-11-23, 39TH CEMA MEETING
---- ID = 893, Date = 1984-10-30, REPORTAGE ON CEMA MEETING, RELATED EVENTS

---------------------

ClusterID: 9
---- ID = 197, Date = 1962-11-20, CASTRO'S 19 NOVEMBER LETTER TO U THANT
---- ID = 189, Date = 1962-10-27, MESSAGE TO U THANT
---- ID = 113, Date = 1961-01-16, CASTRO SAYS CUBA NOW KENNEDY'S PROBLEM
